  [1m[36m (1.1ms)[0m  [1mCREATE TABLE "schema_migrations" ("version" varchar(255) NOT NULL) [0m
  [1m[35m (0.5ms)[0m  select sqlite_version(*)
  [1m[36m (0.7ms)[0m  [1mCREATE UNIQUE INDEX "unique_schema_migrations" ON "schema_migrations" ("version")[0m
  [1m[35mActiveRecord::SchemaMigration Load (0.1ms)[0m  SELECT "schema_migrations".* FROM "schema_migrations"
Migrating to CreatePosts (20140904162420)
  [1m[36m (0.1ms)[0m  [1mbegin transaction[0m
  [1m[35m (0.4ms)[0m  CREATE TABLE "posts" ("id" INTEGER PRIMARY KEY AUTOINCREMENT NOT NULL, "title" text, "body" text, "created_at" datetime, "updated_at" datetime) 
  [1m[36mSQL (0.1ms)[0m  [1mINSERT INTO "schema_migrations" ("version") VALUES (?)[0m  [["version", "20140904162420"]]
  [1m[35m (0.8ms)[0m  commit transaction
  [1m[36mActiveRecord::SchemaMigration Load (0.1ms)[0m  [1mSELECT "schema_migrations".* FROM "schema_migrations"[0m
  [1m[36mActiveRecord::SchemaMigration Load (0.1ms)[0m  [1mSELECT "schema_migrations".* FROM "schema_migrations"[0m
  [1m[35m (0.1ms)[0m  begin transaction
  [1m[36mSQL (0.4ms)[0m  [1mINSERT INTO "posts" ("body", "created_at", "title", "updated_at") VALUES (?, ?, ?, ?)[0m  [["body", "Lorem Ipsum"], ["created_at", "2014-09-04 16:33:02.460374"], ["title", "Test Post"], ["updated_at", "2014-09-04 16:33:02.460374"]]
  [1m[35m (0.7ms)[0m  commit transaction


Started GET "/" for 127.0.0.1 at 2014-09-04 12:33:21 -0400
  [1m[36mActiveRecord::SchemaMigration Load (0.1ms)[0m  [1mSELECT "schema_migrations".* FROM "schema_migrations"[0m
Processing by Rails::WelcomeController#index as HTML
  Rendered /Users/leklund/.rvm/gems/ruby-2.1.1/gems/railties-4.1.1/lib/rails/templates/rails/welcome/index.html.erb (1.9ms)
Completed 200 OK in 18ms (Views: 8.6ms | ActiveRecord: 0.0ms)


Started GET "/" for 127.0.0.1 at 2014-09-04 12:33:25 -0400
Processing by Rails::WelcomeController#index as HTML
  Rendered /Users/leklund/.rvm/gems/ruby-2.1.1/gems/railties-4.1.1/lib/rails/templates/rails/welcome/index.html.erb (0.0ms)
Completed 200 OK in 3ms (Views: 2.4ms | ActiveRecord: 0.0ms)


Started GET "/" for 127.0.0.1 at 2014-09-04 12:33:25 -0400
Processing by Rails::WelcomeController#index as HTML
  Rendered /Users/leklund/.rvm/gems/ruby-2.1.1/gems/railties-4.1.1/lib/rails/templates/rails/welcome/index.html.erb (0.0ms)
Completed 200 OK in 1ms (Views: 0.8ms | ActiveRecord: 0.0ms)


Started GET "/posts" for 127.0.0.1 at 2014-09-04 12:33:28 -0400
Processing by PostsController#index as HTML
  [1m[35mPost Load (0.2ms)[0m  SELECT "posts".* FROM "posts"
  Rendered posts/index.html.erb within layouts/application (6.0ms)
Completed 200 OK in 1000ms (Views: 997.3ms | ActiveRecord: 0.5ms)


Started GET "/assets/posts.css?body=1" for 127.0.0.1 at 2014-09-04 12:33:29 -0400


Started GET "/assets/scaffolds.css?body=1" for 127.0.0.1 at 2014-09-04 12:33:29 -0400


Started GET "/assets/application.css?body=1" for 127.0.0.1 at 2014-09-04 12:33:29 -0400


Started GET "/assets/turbolinks.js?body=1" for 127.0.0.1 at 2014-09-04 12:33:29 -0400


Started GET "/assets/jquery_ujs.js?body=1" for 127.0.0.1 at 2014-09-04 12:33:29 -0400


Started GET "/assets/errors.css?body=1" for 127.0.0.1 at 2014-09-04 12:33:29 -0400


Started GET "/assets/errors.js?body=1" for 127.0.0.1 at 2014-09-04 12:33:29 -0400


Started GET "/assets/jquery.js?body=1" for 127.0.0.1 at 2014-09-04 12:33:29 -0400


Started GET "/assets/posts.js?body=1" for 127.0.0.1 at 2014-09-04 12:33:29 -0400


Started GET "/assets/application.js?body=1" for 127.0.0.1 at 2014-09-04 12:33:29 -0400


Started GET "/posts/1" for 127.0.0.1 at 2014-09-04 12:33:31 -0400
Processing by PostsController#show as HTML
  Parameters: {"id"=>"1"}
  [1m[36mPost Load (0.2ms)[0m  [1mSELECT  "posts".* FROM "posts"  WHERE "posts"."id" = ? LIMIT 1[0m  [["id", 1]]
  Rendered posts/show.html.erb within layouts/application (0.9ms)
Completed 200 OK in 84ms (Views: 82.0ms | ActiveRecord: 0.2ms)


Started GET "/assets/posts.css?body=1" for 127.0.0.1 at 2014-09-04 12:33:32 -0400


Started GET "/assets/errors.css?body=1" for 127.0.0.1 at 2014-09-04 12:33:32 -0400


Started GET "/assets/scaffolds.css?body=1" for 127.0.0.1 at 2014-09-04 12:33:32 -0400


Started GET "/assets/jquery_ujs.js?body=1" for 127.0.0.1 at 2014-09-04 12:33:32 -0400


Started GET "/assets/turbolinks.js?body=1" for 127.0.0.1 at 2014-09-04 12:33:32 -0400


Started GET "/assets/application.css?body=1" for 127.0.0.1 at 2014-09-04 12:33:32 -0400


Started GET "/assets/posts.js?body=1" for 127.0.0.1 at 2014-09-04 12:33:32 -0400


Started GET "/assets/errors.js?body=1" for 127.0.0.1 at 2014-09-04 12:33:32 -0400


Started GET "/assets/jquery.js?body=1" for 127.0.0.1 at 2014-09-04 12:33:32 -0400


Started GET "/assets/application.js?body=1" for 127.0.0.1 at 2014-09-04 12:33:32 -0400


Started GET "/posts/69696" for 127.0.0.1 at 2014-09-04 12:33:33 -0400
Processing by PostsController#show as HTML
  Parameters: {"id"=>"69696"}
  [1m[35mPost Load (0.1ms)[0m  SELECT  "posts".* FROM "posts"  WHERE "posts"."id" = ? LIMIT 1  [["id", 69696]]
Completed 404 Not Found in 2ms

ActiveRecord::RecordNotFound (Couldn't find Post with 'id'=69696):
  app/controllers/posts_controller.rb:67:in `set_post'


Processing by ErrorsController#not_found_error as HTML
  Parameters: {"id"=>"69696"}
  Rendered text template (0.0ms)
Completed 200 OK in 3ms (Views: 2.8ms | ActiveRecord: 0.0ms)


Started GET "/posta" for 127.0.0.1 at 2014-09-04 12:33:36 -0400

ActionController::RoutingError (No route matches [GET] "/posta"):
  actionpack (4.1.1) lib/action_dispatch/middleware/debug_exceptions.rb:21:in `call'
  actionpack (4.1.1) lib/action_dispatch/middleware/show_exceptions.rb:30:in `call'
  railties (4.1.1) lib/rails/rack/logger.rb:38:in `call_app'
  railties (4.1.1) lib/rails/rack/logger.rb:20:in `block in call'
  activesupport (4.1.1) lib/active_support/tagged_logging.rb:68:in `block in tagged'
  activesupport (4.1.1) lib/active_support/tagged_logging.rb:26:in `tagged'
  activesupport (4.1.1) lib/active_support/tagged_logging.rb:68:in `tagged'
  railties (4.1.1) lib/rails/rack/logger.rb:20:in `call'
  actionpack (4.1.1) lib/action_dispatch/middleware/request_id.rb:21:in `call'
  rack (1.5.2) lib/rack/methodoverride.rb:21:in `call'
  rack (1.5.2) lib/rack/runtime.rb:17:in `call'
  activesupport (4.1.1) lib/active_support/cache/strategy/local_cache_middleware.rb:26:in `call'
  rack (1.5.2) lib/rack/lock.rb:17:in `call'
  actionpack (4.1.1) lib/action_dispatch/middleware/static.rb:64:in `call'
  rack (1.5.2) lib/rack/sendfile.rb:112:in `call'
  railties (4.1.1) lib/rails/engine.rb:514:in `call'
  railties (4.1.1) lib/rails/application.rb:144:in `call'
  rack (1.5.2) lib/rack/lock.rb:17:in `call'
  rack (1.5.2) lib/rack/content_length.rb:14:in `call'
  rack (1.5.2) lib/rack/handler/webrick.rb:60:in `service'
  /Users/leklund/.rvm/rubies/ruby-2.1.1/lib/ruby/2.1.0/webrick/httpserver.rb:138:in `service'
  /Users/leklund/.rvm/rubies/ruby-2.1.1/lib/ruby/2.1.0/webrick/httpserver.rb:94:in `run'
  /Users/leklund/.rvm/rubies/ruby-2.1.1/lib/ruby/2.1.0/webrick/server.rb:295:in `block in start_thread'


Processing by ErrorsController#not_found_error as HTML
  Rendered text template (0.0ms)
Completed 200 OK in 1ms (Views: 0.3ms | ActiveRecord: 0.0ms)


Started GET "/posts" for 127.0.0.1 at 2014-09-04 12:34:47 -0400
Processing by PostsController#index as HTML
  [1m[36mPost Load (0.1ms)[0m  [1mSELECT "posts".* FROM "posts"[0m
  Rendered posts/index.html.erb within layouts/application (1.2ms)
Completed 200 OK in 61ms (Views: 59.7ms | ActiveRecord: 0.1ms)


Started GET "/assets/errors.css?body=1" for 127.0.0.1 at 2014-09-04 12:34:47 -0400


Started GET "/assets/jquery_ujs.js?body=1" for 127.0.0.1 at 2014-09-04 12:34:47 -0400


Started GET "/assets/posts.css?body=1" for 127.0.0.1 at 2014-09-04 12:34:47 -0400


Started GET "/assets/turbolinks.js?body=1" for 127.0.0.1 at 2014-09-04 12:34:47 -0400


Started GET "/assets/application.css?body=1" for 127.0.0.1 at 2014-09-04 12:34:47 -0400


Started GET "/assets/scaffolds.css?body=1" for 127.0.0.1 at 2014-09-04 12:34:47 -0400


Started GET "/assets/errors.js?body=1" for 127.0.0.1 at 2014-09-04 12:34:47 -0400


Started GET "/assets/jquery.js?body=1" for 127.0.0.1 at 2014-09-04 12:34:47 -0400


Started GET "/assets/posts.js?body=1" for 127.0.0.1 at 2014-09-04 12:34:47 -0400


Started GET "/assets/application.js?body=1" for 127.0.0.1 at 2014-09-04 12:34:47 -0400


Started GET "/posts" for 127.0.0.1 at 2014-09-04 12:34:47 -0400
Processing by PostsController#index as HTML
  [1m[35mPost Load (0.1ms)[0m  SELECT "posts".* FROM "posts"
  Rendered posts/index.html.erb within layouts/application (1.4ms)
Completed 200 OK in 57ms (Views: 56.1ms | ActiveRecord: 0.1ms)


Started GET "/assets/errors.css?body=1" for 127.0.0.1 at 2014-09-04 12:34:47 -0400


Started GET "/assets/scaffolds.css?body=1" for 127.0.0.1 at 2014-09-04 12:34:47 -0400


Started GET "/assets/jquery_ujs.js?body=1" for 127.0.0.1 at 2014-09-04 12:34:47 -0400


Started GET "/assets/posts.css?body=1" for 127.0.0.1 at 2014-09-04 12:34:47 -0400


Started GET "/assets/application.css?body=1" for 127.0.0.1 at 2014-09-04 12:34:47 -0400


Started GET "/assets/jquery.js?body=1" for 127.0.0.1 at 2014-09-04 12:34:47 -0400


Started GET "/assets/turbolinks.js?body=1" for 127.0.0.1 at 2014-09-04 12:34:47 -0400


Started GET "/assets/errors.js?body=1" for 127.0.0.1 at 2014-09-04 12:34:47 -0400


Started GET "/assets/posts.js?body=1" for 127.0.0.1 at 2014-09-04 12:34:47 -0400


Started GET "/assets/application.js?body=1" for 127.0.0.1 at 2014-09-04 12:34:47 -0400


Started GET "/" for 127.0.0.1 at 2014-09-04 12:34:47 -0400
Processing by Rails::WelcomeController#index as HTML
  Rendered /Users/leklund/.rvm/gems/ruby-2.1.1/gems/railties-4.1.1/lib/rails/templates/rails/welcome/index.html.erb (0.0ms)
Completed 200 OK in 1ms (Views: 0.9ms | ActiveRecord: 0.0ms)


Started GET "/posts/%E2" for 127.0.0.1 at 2014-09-04 12:34:49 -0400

ActionController::BadRequest (ActionController::BadRequest):
  actionpack (4.1.1) lib/action_dispatch/routing/route_set.rb:37:in `block in call'
  actionpack (4.1.1) lib/action_dispatch/routing/route_set.rb:33:in `each'
  actionpack (4.1.1) lib/action_dispatch/routing/route_set.rb:33:in `call'
  actionpack (4.1.1) lib/action_dispatch/journey/router.rb:71:in `block in call'
  actionpack (4.1.1) lib/action_dispatch/journey/router.rb:59:in `each'
  actionpack (4.1.1) lib/action_dispatch/journey/router.rb:59:in `call'
  actionpack (4.1.1) lib/action_dispatch/routing/route_set.rb:676:in `call'
  rack (1.5.2) lib/rack/etag.rb:23:in `call'
  rack (1.5.2) lib/rack/conditionalget.rb:25:in `call'
  rack (1.5.2) lib/rack/head.rb:11:in `call'
  actionpack (4.1.1) lib/action_dispatch/middleware/params_parser.rb:27:in `call'
  actionpack (4.1.1) lib/action_dispatch/middleware/flash.rb:254:in `call'
  rack (1.5.2) lib/rack/session/abstract/id.rb:225:in `context'
  rack (1.5.2) lib/rack/session/abstract/id.rb:220:in `call'
  actionpack (4.1.1) lib/action_dispatch/middleware/cookies.rb:560:in `call'
  activerecord (4.1.1) lib/active_record/query_cache.rb:36:in `call'
  activerecord (4.1.1) lib/active_record/connection_adapters/abstract/connection_pool.rb:621:in `call'
  activerecord (4.1.1) lib/active_record/migration.rb:380:in `call'
  actionpack (4.1.1) lib/action_dispatch/middleware/callbacks.rb:29:in `block in call'
  activesupport (4.1.1) lib/active_support/callbacks.rb:82:in `run_callbacks'
  actionpack (4.1.1) lib/action_dispatch/middleware/callbacks.rb:27:in `call'
  actionpack (4.1.1) lib/action_dispatch/middleware/reloader.rb:73:in `call'
  actionpack (4.1.1) lib/action_dispatch/middleware/remote_ip.rb:76:in `call'
  actionpack (4.1.1) lib/action_dispatch/middleware/debug_exceptions.rb:17:in `call'
  actionpack (4.1.1) lib/action_dispatch/middleware/show_exceptions.rb:30:in `call'
  railties (4.1.1) lib/rails/rack/logger.rb:38:in `call_app'
  railties (4.1.1) lib/rails/rack/logger.rb:20:in `block in call'
  activesupport (4.1.1) lib/active_support/tagged_logging.rb:68:in `block in tagged'
  activesupport (4.1.1) lib/active_support/tagged_logging.rb:26:in `tagged'
  activesupport (4.1.1) lib/active_support/tagged_logging.rb:68:in `tagged'
  railties (4.1.1) lib/rails/rack/logger.rb:20:in `call'
  actionpack (4.1.1) lib/action_dispatch/middleware/request_id.rb:21:in `call'
  rack (1.5.2) lib/rack/methodoverride.rb:21:in `call'
  rack (1.5.2) lib/rack/runtime.rb:17:in `call'
  activesupport (4.1.1) lib/active_support/cache/strategy/local_cache_middleware.rb:26:in `call'
  rack (1.5.2) lib/rack/lock.rb:17:in `call'
  actionpack (4.1.1) lib/action_dispatch/middleware/static.rb:64:in `call'
  rack (1.5.2) lib/rack/sendfile.rb:112:in `call'
  railties (4.1.1) lib/rails/engine.rb:514:in `call'
  railties (4.1.1) lib/rails/application.rb:144:in `call'
  rack (1.5.2) lib/rack/lock.rb:17:in `call'
  rack (1.5.2) lib/rack/content_length.rb:14:in `call'
  rack (1.5.2) lib/rack/handler/webrick.rb:60:in `service'
  /Users/leklund/.rvm/rubies/ruby-2.1.1/lib/ruby/2.1.0/webrick/httpserver.rb:138:in `service'
  /Users/leklund/.rvm/rubies/ruby-2.1.1/lib/ruby/2.1.0/webrick/httpserver.rb:94:in `run'
  /Users/leklund/.rvm/rubies/ruby-2.1.1/lib/ruby/2.1.0/webrick/server.rb:295:in `block in start_thread'




Started GET "/posts/%E2" for 127.0.0.1 at 2014-09-04 12:39:19 -0400
  [1m[36mActiveRecord::SchemaMigration Load (0.1ms)[0m  [1mSELECT "schema_migrations".* FROM "schema_migrations"[0m

ActionController::BadRequest (ActionController::BadRequest):
  actionpack (4.1.1) lib/action_dispatch/routing/route_set.rb:37:in `block in call'
  actionpack (4.1.1) lib/action_dispatch/routing/route_set.rb:33:in `each'
  actionpack (4.1.1) lib/action_dispatch/routing/route_set.rb:33:in `call'
  actionpack (4.1.1) lib/action_dispatch/journey/router.rb:71:in `block in call'
  actionpack (4.1.1) lib/action_dispatch/journey/router.rb:59:in `each'
  actionpack (4.1.1) lib/action_dispatch/journey/router.rb:59:in `call'
  actionpack (4.1.1) lib/action_dispatch/routing/route_set.rb:676:in `call'
  rack (1.5.2) lib/rack/etag.rb:23:in `call'
  rack (1.5.2) lib/rack/conditionalget.rb:25:in `call'
  rack (1.5.2) lib/rack/head.rb:11:in `call'
  actionpack (4.1.1) lib/action_dispatch/middleware/params_parser.rb:27:in `call'
  actionpack (4.1.1) lib/action_dispatch/middleware/flash.rb:254:in `call'
  rack (1.5.2) lib/rack/session/abstract/id.rb:225:in `context'
  rack (1.5.2) lib/rack/session/abstract/id.rb:220:in `call'
  actionpack (4.1.1) lib/action_dispatch/middleware/cookies.rb:560:in `call'
  activerecord (4.1.1) lib/active_record/query_cache.rb:36:in `call'
  activerecord (4.1.1) lib/active_record/connection_adapters/abstract/connection_pool.rb:621:in `call'
  activerecord (4.1.1) lib/active_record/migration.rb:380:in `call'
  actionpack (4.1.1) lib/action_dispatch/middleware/callbacks.rb:29:in `block in call'
  activesupport (4.1.1) lib/active_support/callbacks.rb:82:in `run_callbacks'
  actionpack (4.1.1) lib/action_dispatch/middleware/callbacks.rb:27:in `call'
  actionpack (4.1.1) lib/action_dispatch/middleware/reloader.rb:73:in `call'
  actionpack (4.1.1) lib/action_dispatch/middleware/remote_ip.rb:76:in `call'
  actionpack (4.1.1) lib/action_dispatch/middleware/debug_exceptions.rb:17:in `call'
  actionpack (4.1.1) lib/action_dispatch/middleware/show_exceptions.rb:30:in `call'
  railties (4.1.1) lib/rails/rack/logger.rb:38:in `call_app'
  railties (4.1.1) lib/rails/rack/logger.rb:20:in `block in call'
  activesupport (4.1.1) lib/active_support/tagged_logging.rb:68:in `block in tagged'
  activesupport (4.1.1) lib/active_support/tagged_logging.rb:26:in `tagged'
  activesupport (4.1.1) lib/active_support/tagged_logging.rb:68:in `tagged'
  railties (4.1.1) lib/rails/rack/logger.rb:20:in `call'
  actionpack (4.1.1) lib/action_dispatch/middleware/request_id.rb:21:in `call'
  rack (1.5.2) lib/rack/methodoverride.rb:21:in `call'
  rack (1.5.2) lib/rack/runtime.rb:17:in `call'
  activesupport (4.1.1) lib/active_support/cache/strategy/local_cache_middleware.rb:26:in `call'
  rack (1.5.2) lib/rack/lock.rb:17:in `call'
  actionpack (4.1.1) lib/action_dispatch/middleware/static.rb:64:in `call'
  rack (1.5.2) lib/rack/sendfile.rb:112:in `call'
  railties (4.1.1) lib/rails/engine.rb:514:in `call'
  railties (4.1.1) lib/rails/application.rb:144:in `call'
  rack (1.5.2) lib/rack/lock.rb:17:in `call'
  rack (1.5.2) lib/rack/content_length.rb:14:in `call'
  rack (1.5.2) lib/rack/handler/webrick.rb:60:in `service'
  /Users/leklund/.rvm/rubies/ruby-2.1.1/lib/ruby/2.1.0/webrick/httpserver.rb:138:in `service'
  /Users/leklund/.rvm/rubies/ruby-2.1.1/lib/ruby/2.1.0/webrick/httpserver.rb:94:in `run'
  /Users/leklund/.rvm/rubies/ruby-2.1.1/lib/ruby/2.1.0/webrick/server.rb:295:in `block in start_thread'


